android/app/build/outputs/logs/manifest-merger-release-report.txt
-- Merging decision tree log ---
manifest
ADDED from src/main/AndroidManifest.xml:1:1-35:12
INJECTED from src/main/AndroidManifest.xml:1:1-35:12
INJECTED from src/main/AndroidManifest.xml:1:1-35:12
INJECTED from src/main/AndroidManifest.xml:1:1-35:12
MERGED from [:fluttertoast] AndroidManifest.xml:2:1-7:12
MERGED from [:firebase_crashlytics] AndroidManifest.xml:2:1-15:12
MERGED from [:sqflite] AndroidManifest.xml:2:1-7:12
MERGED from [:open_file] AndroidManifest.xml:2:1-24:12
MERGED from [:firebase_analytics] AndroidManifest.xml:2:1-19:12
MERGED from [:path_provider] AndroidManifest.xml:2:1-7:12
MERGED from [:android_path_provider] AndroidManifest.xml:2:1-7:12
MERGED from [:shared_preferences] AndroidManifest.xml:2:1-7:12
MERGED from [:firebase_core] AndroidManifest.xml:2:1-15:12
MERGED from [androidx.multidex:multidex:2.0.1] AndroidManifest.xml:17:1-22:12
MERGED from [com.google.firebase:firebase-crashlytics:18.2.4] AndroidManifest.xml:2:1-24:12
MERGED from [androidx.legacy:legacy-support-v4:1.0.0] AndroidManifest.xml:17:1-22:12
MERGED from [com.google.firebase:firebase-analytics:20.0.0] AndroidManifest.xml:2:1-9:12
MERGED from [com.google.android.gms:play-services-measurement-api:20.0.0] AndroidManifest.xml:17:1-36:12
MERGED from [com.google.firebase:firebase-installations:17.0.0] AndroidManifest.xml:2:1-24:12
MERGED from [com.google.firebase:firebase-common:20.0.0] AndroidManifest.xml:15:1-40:12
MERGED from [com.google.android.gms:play-services-measurement:20.0.0] AndroidManifest.xml:17:1-46:12
MERGED from [com.google.android.gms:play-services-measurement-sdk:20.0.0] AndroidManifest.xml:17:1-25:12
MERGED from [com.google.firebase:firebase-installations-interop:17.0.0] AndroidManifest.xml:15:1-23:12
MERGED from [com.google.android.gms:play-services-tasks:17.0.0] AndroidManifest.xml:2:1-9:12
MERGED from [com.google.android.gms:play-services-measurement-impl:20.0.0] AndroidManifest.xml:17:1-31:12
MERGED from [com.google.android.gms:play-services-ads-identifier:17.0.0] AndroidManifest.xml:17:1-24:12
MERGED from [com.google.android.gms:play-services-measurement-sdk-api:20.0.0] AndroidManifest.xml:17:1-27:12
MERGED from [com.google.android.gms:play-services-measurement-base:20.0.0] AndroidManifest.xml:2:1-9:12
MERGED from [com.google.android.gms:play-services-stats:17.0.0] AndroidManifest.xml:2:1-9:12
MERGED from [com.google.firebase:firebase-measurement-connector:19.0.0] AndroidManifest.xml:17:1-25:12
MERGED from [com.google.android.gms:play-services-basement:17.0.0] AndroidManifest.xml:17:1-28:12
MERGED from [androidx.fragment:fragment:1.1.0] AndroidManifest.xml:17:1-24:12
MERGED from [androidx.media:media:1.0.0] AndroidManifest.xml:17:1-22:12
MERGED from [androidx.legacy:legacy-support-core-ui:1.0.0] AndroidManifest.xml:17:1-22:12
MERGED from [androidx.legacy:legacy-support-core-utils:1.0.0] AndroidManifest.xml:17:1-22:12
MERGED from [androidx.viewpager:viewpager:1.0.0] AndroidManifest.xml:17:1-22:12
MERGED from [androidx.loader:loader:1.0.0] AndroidManifest.xml:17:1-22:12
MERGED from [androidx.activity:activity:1.0.0] AndroidManifest.xml:17:1-24:12
MERGED from [androidx.coordinatorlayout:coordinatorlayout:1.0.0] AndroidManifest.xml:17:1-22:12
MERGED from [androidx.drawerlayout:drawerlayout:1.0.0] AndroidManifest.xml:17:1-22:12
MERGED from [androidx.slidingpanelayout:slidingpanelayout:1.0.0] AndroidManifest.xml:17:1-22:12
MERGED from [androidx.customview:customview:1.0.0] AndroidManifest.xml:17:1-22:12
MERGED from [androidx.swiperefreshlayout:swiperefreshlayout:1.0.0] AndroidManifest.xml:17:1-22:12
MERGED from [androidx.asynclayoutinflater:asynclayoutinflater:1.0.0] AndroidManifest.xml:17:1-22:12
MERGED from [androidx.core:core:1.1.0] AndroidManifest.xml:17:1-26:12
MERGED from [androidx.lifecycle:lifecycle-runtime:2.2.0] AndroidManifest.xml:17:1-24:12
MERGED from [androidx.savedstate:savedstate:1.0.0] AndroidManifest.xml:17:1-24:12
MERGED from [androidx.lifecycle:lifecycle-livedata:2.0.0] AndroidManifest.xml:17:1-22:12
MERGED from [androidx.lifecycle:lifecycle-livedata-core:2.0.0] AndroidManifest.xml:17:1-22:12
MERGED from [androidx.arch.core:core-runtime:2.0.0] AndroidManifest.xml:17:1-22:12
MERGED from [androidx.versionedparcelable:versionedparcelable:1.1.0] AndroidManifest.xml:17:1-27:12
MERGED from [com.google.android.datatransport:transport-backend-cct:3.1.0] AndroidManifest.xml:15:1-38:12
MERGED from [com.google.android.datatransport:transport-runtime:3.1.0] AndroidManifest.xml:15:1-41:12
MERGED from [com.google.android.datatransport:transport-api:3.0.0] AndroidManifest.xml:15:1-22:12
MERGED from [com.google.firebase:firebase-components:17.0.0] AndroidManifest.xml:15:1-23:12
MERGED from [com.google.firebase:firebase-encoders-json:18.0.0] AndroidManifest.xml:15:1-23:12
MERGED from [androidx.documentfile:documentfile:1.0.0] AndroidManifest.xml:17:1-22:12
MERGED from [androidx.localbroadcastmanager:localbroadcastmanager:1.0.0] AndroidManifest.xml:17:1-22:12
MERGED from [androidx.print:print:1.0.0] AndroidManifest.xml:17:1-22:12
MERGED from [androidx.interpolator:interpolator:1.0.0] AndroidManifest.xml:17:1-22:12
MERGED from [androidx.cursoradapter:cursoradapter:1.0.0] AndroidManifest.xml:17:1-22:12
MERGED from [androidx.lifecycle:lifecycle-viewmodel:2.1.0] AndroidManifest.xml:17:1-22:12
INJECTED from src/main/AndroidManifest.xml:1:1-35:12
INJECTED from src/main/AndroidManifest.xml:1:1-35:12
INJECTED from src/main/AndroidManifest.xml:1:1-35:12
	package
		ADDED from src/main/AndroidManifest.xml:2:5-39
		INJECTED from src/main/AndroidManifest.xml
		INJECTED from src/main/AndroidManifest.xml
	android:versionName
		INJECTED from src/main/AndroidManifest.xml
		ADDED from src/main/AndroidManifest.xml:1:1-35:12
		INJECTED from src/main/AndroidManifest.xml
	android:versionCode
		INJECTED from src/main/AndroidManifest.xml
		ADDED from src/main/AndroidManifest.xml:1:1-35:12
		INJECTED from src/main/AndroidManifest.xml
	xmlns:android
		ADDED from src/main/AndroidManifest.xml:1:11-69
uses-permission#android.permission.WRITE_EXTERNAL_STORAGE
ADDED from src/main/AndroidManifest.xml:4:5-80
	android:name
		ADDED from src/main/AndroidManifest.xml:4:22-78
uses-permission#android.permission.READ_EXTERNAL_STORAGE
ADDED from src/main/AndroidManifest.xml:5:5-79
MERGED from [:open_file] AndroidManifest.xml:9:5-80
MERGED from [:open_file] AndroidManifest.xml:9:5-80
	android:name
		ADDED from src/main/AndroidManifest.xml:5:22-77
application
ADDED from src/main/AndroidManifest.xml:6:4-34:19
MERGED from [:firebase_crashlytics] AndroidManifest.xml:7:5-13:19
MERGED from [:firebase_crashlytics] AndroidManifest.xml:7:5-13:19
MERGED from [:open_file] AndroidManifest.xml:11:5-22:19
MERGED from [:open_file] AndroidManifest.xml:11:5-22:19
MERGED from [:firebase_analytics] AndroidManifest.xml:11:5-17:19
MERGED from [:firebase_analytics] AndroidManifest.xml:11:5-17:19
MERGED from [:firebase_core] AndroidManifest.xml:7:5-13:19
MERGED from [:firebase_core] AndroidManifest.xml:7:5-13:19
MERGED from [com.google.firebase:firebase-crashlytics:18.2.4] AndroidManifest.xml:14:5-22:19
MERGED from [com.google.firebase:firebase-crashlytics:18.2.4] AndroidManifest.xml:14:5-22:19
MERGED from [com.google.firebase:firebase-analytics:20.0.0] AndroidManifest.xml:7:5-20
MERGED from [com.google.firebase:firebase-analytics:20.0.0] AndroidManifest.xml:7:5-20
MERGED from [com.google.android.gms:play-services-measurement-api:20.0.0] AndroidManifest.xml:26:5-34:19
MERGED from [com.google.android.gms:play-services-measurement-api:20.0.0] AndroidManifest.xml:26:5-34:19
MERGED from [com.google.firebase:firebase-installations:17.0.0] AndroidManifest.xml:14:5-22:19
MERGED from [com.google.firebase:firebase-installations:17.0.0] AndroidManifest.xml:14:5-22:19
MERGED from [com.google.firebase:firebase-common:20.0.0] AndroidManifest.xml:25:5-38:19
MERGED from [com.google.firebase:firebase-common:20.0.0] AndroidManifest.xml:25:5-38:19
MERGED from [com.google.android.gms:play-services-measurement:20.0.0] AndroidManifest.xml:28:5-44:19
MERGED from [com.google.android.gms:play-services-measurement:20.0.0] AndroidManifest.xml:28:5-44:19
MERGED from [com.google.android.gms:play-services-measurement-sdk:20.0.0] AndroidManifest.xml:22:5-23:19
MERGED from [com.google.android.gms:play-services-measurement-sdk:20.0.0] AndroidManifest.xml:22:5-23:19
MERGED from [com.google.android.gms:play-services-tasks:17.0.0] AndroidManifest.xml:7:5-20
MERGED from [com.google.android.gms:play-services-tasks:17.0.0] AndroidManifest.xml:7:5-20
MERGED from [com.google.android.gms:play-services-measurement-impl:20.0.0] AndroidManifest.xml:28:5-29:19
MERGED from [com.google.android.gms:play-services-measurement-impl:20.0.0] AndroidManifest.xml:28:5-29:19
MERGED from [com.google.android.gms:play-services-ads-identifier:17.0.0] AndroidManifest.xml:22:5-20
MERGED from [com.google.android.gms:play-services-ads-identifier:17.0.0] AndroidManifest.xml:22:5-20
MERGED from [com.google.android.gms:play-services-measurement-base:20.0.0] AndroidManifest.xml:7:5-20
MERGED from [com.google.android.gms:play-services-measurement-base:20.0.0] AndroidManifest.xml:7:5-20
MERGED from [com.google.android.gms:play-services-stats:17.0.0] AndroidManifest.xml:7:5-20
MERGED from [com.google.android.gms:play-services-stats:17.0.0] AndroidManifest.xml:7:5-20
MERGED from [com.google.firebase:firebase-measurement-connector:19.0.0] AndroidManifest.xml:22:5-23:19
MERGED from [com.google.firebase:firebase-measurement-connector:19.0.0] AndroidManifest.xml:22:5-23:19
MERGED from [com.google.android.gms:play-services-basement:17.0.0] AndroidManifest.xml:22:5-26:19
MERGED from [com.google.android.gms:play-services-basement:17.0.0] AndroidManifest.xml:22:5-26:19
MERGED from [androidx.core:core:1.1.0] AndroidManifest.xml:24:5-89
MERGED from [androidx.core:core:1.1.0] AndroidManifest.xml:24:5-89
MERGED from [androidx.versionedparcelable:versionedparcelable:1.1.0] AndroidManifest.xml:24:5-25:19
MERGED from [androidx.versionedparcelable:versionedparcelable:1.1.0] AndroidManifest.xml:24:5-25:19
MERGED from [com.google.android.datatransport:transport-backend-cct:3.1.0] AndroidManifest.xml:28:5-36:19
MERGED from [com.google.android.datatransport:transport-backend-cct:3.1.0] AndroidManifest.xml:28:5-36:19
MERGED from [com.google.android.datatransport:transport-runtime:3.1.0] AndroidManifest.xml:25:5-39:19
MERGED from [com.google.android.datatransport:transport-runtime:3.1.0] AndroidManifest.xml:25:5-39:19
	android:appComponentFactory
		ADDED from [androidx.core:core:1.1.0] AndroidManifest.xml:24:18-86
	android:label
		ADDED from src/main/AndroidManifest.xml:7:9-32
	android:icon
		ADDED from src/main/AndroidManifest.xml:8:9-43
activity#com.burobd.buro_employee.MainActivity
ADDED from src/main/AndroidManifest.xml:9:9-28:20
	android:launchMode
		ADDED from src/main/AndroidManifest.xml:11:13-43
	android:hardwareAccelerated
		ADDED from src/main/AndroidManifest.xml:14:13-47
	android:windowSoftInputMode
		ADDED from src/main/AndroidManifest.xml:15:13-55
	android:configChanges
		ADDED from src/main/AndroidManifest.xml:13:13-163
	android:theme
		ADDED from src/main/AndroidManifest.xml:12:13-47
	android:name
		ADDED from src/main/AndroidManifest.xml:10:13-41
meta-data#io.flutter.embedding.android.NormalTheme
ADDED from src/main/AndroidManifest.xml:20:13-23:17
	android:resource
		ADDED from src/main/AndroidManifest.xml:22:15-52
	android:name
		ADDED from src/main/AndroidManifest.xml:21:15-70
intent-filter#action:name:android.intent.action.MAIN+category:name:android.intent.category.LAUNCHER
ADDED from src/main/AndroidManifest.xml:24:13-27:29
action#android.intent.action.MAIN
ADDED from src/main/AndroidManifest.xml:25:17-68
	android:name
		ADDED from src/main/AndroidManifest.xml:25:25-66
category#android.intent.category.LAUNCHER
ADDED from src/main/AndroidManifest.xml:26:17-76
	android:name
		ADDED from src/main/AndroidManifest.xml:26:27-74
meta-data#flutterEmbedding
ADDED from src/main/AndroidManifest.xml:31:9-33:33
	android:value
		ADDED from src/main/AndroidManifest.xml:33:13-30
	android:name
		ADDED from src/main/AndroidManifest.xml:32:13-44
uses-sdk
INJECTED from src/main/AndroidManifest.xml reason: use-sdk injection requested
INJECTED from src/main/AndroidManifest.xml
INJECTED from src/main/AndroidManifest.xml
MERGED from [:fluttertoast] AndroidManifest.xml:5:5-44
MERGED from [:fluttertoast] AndroidManifest.xml:5:5-44
MERGED from [:firebase_crashlytics] AndroidManifest.xml:5:5-44
MERGED from [:firebase_crashlytics] AndroidManifest.xml:5:5-44
MERGED from [:sqflite] AndroidManifest.xml:5:5-44
MERGED from [:sqflite] AndroidManifest.xml:5:5-44
MERGED from [:open_file] AndroidManifest.xml:6:5-44
MERGED from [:open_file] AndroidManifest.xml:6:5-44
MERGED from [:firebase_analytics] AndroidManifest.xml:5:5-44
MERGED from [:firebase_analytics] AndroidManifest.xml:5:5-44
MERGED from [:path_provider] AndroidManifest.xml:5:5-44
MERGED from [:path_provider] AndroidManifest.xml:5:5-44
MERGED from [:android_path_provider] AndroidManifest.xml:5:5-44
MERGED from [:android_path_provider] AndroidManifest.xml:5:5-44
MERGED from [:shared_preferences] AndroidManifest.xml:5:5-44
MERGED from [:shared_preferences] AndroidManifest.xml:5:5-44
MERGED from [:firebase_core] AndroidManifest.xml:5:5-44
MERGED from [:firebase_core] AndroidManifest.xml:5:5-44
MERGED from [androidx.multidex:multidex:2.0.1] AndroidManifest.xml:20:5-43
MERGED from [androidx.multidex:multidex:2.0.1] AndroidManifest.xml:20:5-43
MERGED from [com.google.firebase:firebase-crashlytics:18.2.4] AndroidManifest.xml:6:5-8:41
MERGED from [com.google.firebase:firebase-crashlytics:18.2.4] AndroidManifest.xml:6:5-8:41
MERGED from [androidx.legacy:legacy-support-v4:1.0.0] AndroidManifest.xml:20:5-44
MERGED from [androidx.legacy:legacy-support-v4:1.0.0] AndroidManifest.xml:20:5-44
MERGED from [com.google.firebase:firebase-analytics:20.0.0] AndroidManifest.xml:5:5-44
MERGED from [com.google.firebase:firebase-analytics:20.0.0] AndroidManifest.xml:5:5-44
MERGED from [com.google.android.gms:play-services-measurement-api:20.0.0] AndroidManifest.xml:20:5-44
MERGED from [com.google.android.gms:play-services-measurement-api:20.0.0] AndroidManifest.xml:20:5-44
MERGED from [com.google.firebase:firebase-installations:17.0.0] AndroidManifest.xml:6:5-8:41
MERGED from [com.google.firebase:firebase-installations:17.0.0] AndroidManifest.xml:6:5-8:41
MERGED from [com.google.firebase:firebase-common:20.0.0] AndroidManifest.xml:20:5-22:41
MERGED from [com.google.firebase:firebase-common:20.0.0] AndroidManifest.xml:20:5-22:41
MERGED from [com.google.android.gms:play-services-measurement:20.0.0] AndroidManifest.xml:20:5-44
MERGED from [com.google.android.gms:play-services-measurement:20.0.0] AndroidManifest.xml:20:5-44
MERGED from [com.google.android.gms:play-services-measurement-sdk:20.0.0] AndroidManifest.xml:20:5-44
MERGED from [com.google.android.gms:play-services-measurement-sdk:20.0.0] AndroidManifest.xml:20:5-44
MERGED from [com.google.firebase:firebase-installations-interop:17.0.0] AndroidManifest.xml:19:5-21:41
MERGED from [com.google.firebase:firebase-installations-interop:17.0.0] AndroidManifest.xml:19:5-21:41
MERGED from [com.google.android.gms:play-services-tasks:17.0.0] AndroidManifest.xml:5:5-44
MERGED from [com.google.android.gms:play-services-tasks:17.0.0] AndroidManifest.xml:5:5-44
MERGED from [com.google.android.gms:play-services-measurement-impl:20.0.0] AndroidManifest.xml:20:5-44
MERGED from [com.google.android.gms:play-services-measurement-impl:20.0.0] AndroidManifest.xml:20:5-44
MERGED from [com.google.android.gms:play-services-ads-identifier:17.0.0] AndroidManifest.xml:20:5-44
MERGED from [com.google.android.gms:play-services-ads-identifier:17.0.0] AndroidManifest.xml:20:5-44
MERGED from [com.google.android.gms:play-services-measurement-sdk-api:20.0.0] AndroidManifest.xml:20:5-44
MERGED from [com.google.android.gms:play-services-measurement-sdk-api:20.0.0] AndroidManifest.xml:20:5-44
MERGED from [com.google.android.gms:play-services-measurement-base:20.0.0] AndroidManifest.xml:5:5-44
MERGED from [com.google.android.gms:play-services-measurement-base:20.0.0] AndroidManifest.xml:5:5-44
MERGED from [com.google.android.gms:play-services-stats:17.0.0] AndroidManifest.xml:5:5-44
MERGED from [com.google.android.gms:play-services-stats:17.0.0] AndroidManifest.xml:5:5-44
MERGED from [com.google.firebase:firebase-measurement-connector:19.0.0] AndroidManifest.xml:20:5-44
MERGED from [com.google.firebase:firebase-measurement-connector:19.0.0] AndroidManifest.xml:20:5-44
MERGED from [com.google.android.gms:play-services-basement:17.0.0] AndroidManifest.xml:20:5-44
MERGED from [com.google.android.gms:play-services-basement:17.0.0] AndroidManifest.xml:20:5-44
MERGED from [androidx.fragment:fragment:1.1.0] AndroidManifest.xml:20:5-22:41
MERGED from [androidx.fragment:fragment:1.1.0] AndroidManifest.xml:20:5-22:41
MERGED from [androidx.media:media:1.0.0] AndroidManifest.xml:20:5-44
MERGED from [androidx.media:media:1.0.0] AndroidManifest.xml:20:5-44
MERGED from [androidx.legacy:legacy-support-core-ui:1.0.0] AndroidManifest.xml:20:5-44
MERGED from [androidx.legacy:legacy-support-core-ui:1.0.0] AndroidManifest.xml:20:5-44
MERGED from [androidx.legacy:legacy-support-core-utils:1.0.0] AndroidManifest.xml:20:5-44
MERGED from [androidx.legacy:legacy-support-core-utils:1.0.0] AndroidManifest.xml:20:5-44
MERGED from [androidx.viewpager:viewpager:1.0.0] AndroidManifest.xml:20:5-44
MERGED from [androidx.viewpager:viewpager:1.0.0] AndroidManifest.xml:20:5-44
MERGED from [androidx.loader:loader:1.0.0] AndroidManifest.xml:20:5-44
MERGED from [androidx.loader:loader:1.0.0] AndroidManifest.xml:20:5-44
MERGED from [androidx.activity:activity:1.0.0] AndroidManifest.xml:20:5-22:41
MERGED from [androidx.activity:activity:1.0.0] AndroidManifest.xml:20:5-22:41
MERGED from [androidx.coordinatorlayout:coordinatorlayout:1.0.0] AndroidManifest.xml:20:5-44
MERGED from [androidx.coordinatorlayout:coordinatorlayout:1.0.0] AndroidManifest.xml:20:5-44
MERGED from [androidx.drawerlayout:drawerlayout:1.0.0] AndroidManifest.xml:20:5-44
MERGED from [androidx.drawerlayout:drawerlayout:1.0.0] AndroidManifest.xml:20:5-44
MERGED from [androidx.slidingpanelayout:slidingpanelayout:1.0.0] AndroidManifest.xml:20:5-44
MERGED from [androidx.slidingpanelayout:slidingpanelayout:1.0.0] AndroidManifest.xml:20:5-44
MERGED from [androidx.customview:customview:1.0.0] AndroidManifest.xml:20:5-44
MERGED from [androidx.customview:customview:1.0.0] AndroidManifest.xml:20:5-44
MERGED from [androidx.swiperefreshlayout:swiperefreshlayout:1.0.0] AndroidManifest.xml:20:5-44
MERGED from [androidx.swiperefreshlayout:swiperefreshlayout:1.0.0] AndroidManifest.xml:20:5-44
MERGED from [androidx.asynclayoutinflater:asynclayoutinflater:1.0.0] AndroidManifest.xml:20:5-44
MERGED from [androidx.asynclayoutinflater:asynclayoutinflater:1.0.0] AndroidManifest.xml:20:5-44
MERGED from [androidx.core:core:1.1.0] AndroidManifest.xml:20:5-22:41
MERGED from [androidx.core:core:1.1.0] AndroidManifest.xml:20:5-22:41
MERGED from [androidx.lifecycle:lifecycle-runtime:2.2.0] AndroidManifest.xml:20:5-22:41
MERGED from [androidx.lifecycle:lifecycle-runtime:2.2.0] AndroidManifest.xml:20:5-22:41
MERGED from [androidx.savedstate:savedstate:1.0.0] AndroidManifest.xml:20:5-22:41
MERGED from [androidx.savedstate:savedstate:1.0.0] AndroidManifest.xml:20:5-22:41
MERGED from [androidx.lifecycle:lifecycle-livedata:2.0.0] AndroidManifest.xml:20:5-44
MERGED from [androidx.lifecycle:lifecycle-livedata:2.0.0] AndroidManifest.xml:20:5-44
MERGED from [androidx.lifecycle:lifecycle-livedata-core:2.0.0] AndroidManifest.xml:20:5-44
MERGED from [androidx.lifecycle:lifecycle-livedata-core:2.0.0] AndroidManifest.xml:20:5-44
MERGED from [androidx.arch.core:core-runtime:2.0.0] AndroidManifest.xml:20:5-44
MERGED from [androidx.arch.core:core-runtime:2.0.0] AndroidManifest.xml:20:5-44
MERGED from [androidx.versionedparcelable:versionedparcelable:1.1.0] AndroidManifest.xml:20:5-22:41
MERGED from [androidx.versionedparcelable:versionedparcelable:1.1.0] AndroidManifest.xml:20:5-22:41
MERGED from [com.google.android.datatransport:transport-backend-cct:3.1.0] AndroidManifest.xml:19:5-21:41
MERGED from [com.google.android.datatransport:transport-backend-cct:3.1.0] AndroidManifest.xml:19:5-21:41
MERGED from [com.google.android.datatransport:transport-runtime:3.1.0] AndroidManifest.xml:18:5-20:41
MERGED from [com.google.android.datatransport:transport-runtime:3.1.0] AndroidManifest.xml:18:5-20:41
MERGED from [com.google.android.datatransport:transport-api:3.0.0] AndroidManifest.xml:18:5-20:41
MERGED from [com.google.android.datatransport:transport-api:3.0.0] AndroidManifest.xml:18:5-20:41
MERGED from [com.google.firebase:firebase-components:17.0.0] AndroidManifest.xml:19:5-21:41
MERGED from [com.google.firebase:firebase-components:17.0.0] AndroidManifest.xml:19:5-21:41
MERGED from [com.google.firebase:firebase-encoders-json:18.0.0] AndroidManifest.xml:19:5-21:41
MERGED from [com.google.firebase:firebase-encoders-json:18.0.0] AndroidManifest.xml:19:5-21:41
MERGED from [androidx.documentfile:documentfile:1.0.0] AndroidManifest.xml:20:5-44
MERGED from [androidx.documentfile:documentfile:1.0.0] AndroidManifest.xml:20:5-44
MERGED from [androidx.localbroadcastmanager:localbroadcastmanager:1.0.0] AndroidManifest.xml:20:5-44
MERGED from [androidx.localbroadcastmanager:localbroadcastmanager:1.0.0] AndroidManifest.xml:20:5-44
MERGED from [androidx.print:print:1.0.0] AndroidManifest.xml:20:5-44
MERGED from [androidx.print:print:1.0.0] AndroidManifest.xml:20:5-44
MERGED from [androidx.interpolator:interpolator:1.0.0] AndroidManifest.xml:20:5-44
MERGED from [androidx.interpolator:interpolator:1.0.0] AndroidManifest.xml:20:5-44
MERGED from [androidx.cursoradapter:cursoradapter:1.0.0] AndroidManifest.xml:20:5-44
MERGED from [androidx.cursoradapter:cursoradapter:1.0.0] AndroidManifest.xml:20:5-44
MERGED from [androidx.lifecycle:lifecycle-viewmodel:2.1.0] AndroidManifest.xml:20:5-44
MERGED from [androidx.lifecycle:lifecycle-viewmodel:2.1.0] AndroidManifest.xml:20:5-44
INJECTED from src/main/AndroidManifest.xml
INJECTED from src/main/AndroidManifest.xml
	android:targetSdkVersion
		INJECTED from src/main/AndroidManifest.xml
		ADDED from src/main/AndroidManifest.xml
		INJECTED from src/main/AndroidManifest.xml
	android:minSdkVersion
		INJECTED from src/main/AndroidManifest.xml
		ADDED from src/main/AndroidManifest.xml
		INJECTED from src/main/AndroidManifest.xml
service#com.google.firebase.components.ComponentDiscoveryService
ADDED from [:firebase_crashlytics] AndroidManifest.xml:8:9-12:19
MERGED from [:firebase_analytics] AndroidManifest.xml:12:9-16:19
MERGED from [:firebase_analytics] AndroidManifest.xml:12:9-16:19
MERGED from [:firebase_core] AndroidManifest.xml:8:9-12:19
MERGED from [:firebase_core] AndroidManifest.xml:8:9-12:19
MERGED from [com.google.firebase:firebase-crashlytics:18.2.4] AndroidManifest.xml:15:9-21:19
MERGED from [com.google.firebase:firebase-crashlytics:18.2.4] AndroidManifest.xml:15:9-21:19
MERGED from [com.google.android.gms:play-services-measurement-api:20.0.0] AndroidManifest.xml:27:9-33:19
MERGED from [com.google.android.gms:play-services-measurement-api:20.0.0] AndroidManifest.xml:27:9-33:19
MERGED from [com.google.firebase:firebase-installations:17.0.0] AndroidManifest.xml:15:9-21:19
MERGED from [com.google.firebase:firebase-installations:17.0.0] AndroidManifest.xml:15:9-21:19
MERGED from [com.google.firebase:firebase-common:20.0.0] AndroidManifest.xml:33:9-37:35
MERGED from [com.google.firebase:firebase-common:20.0.0] AndroidManifest.xml:33:9-37:35
	android:exported
		ADDED from [com.google.firebase:firebase-crashlytics:18.2.4] AndroidManifest.xml:17:13-37
	tools:targetApi
		ADDED from [com.google.firebase:firebase-common:20.0.0] AndroidManifest.xml:37:13-32
	android:directBootAware
		ADDED from [com.google.firebase:firebase-common:20.0.0] AndroidManifest.xml:35:13-43
	android:name
		ADDED from [:firebase_crashlytics] AndroidManifest.xml:8:18-89
meta-data#com.google.firebase.components:io.flutter.plugins.firebase.crashlytics.FlutterFirebaseAppRegistrar
ADDED from [:firebase_crashlytics] AndroidManifest.xml:9:13-11:85
	android:value
		ADDED from [:firebase_crashlytics] AndroidManifest.xml:11:17-82
	android:name
		ADDED from [:firebase_crashlytics] AndroidManifest.xml:10:17-130
uses-permission#android.permission.REQUEST_INSTALL_PACKAGES
ADDED from [:open_file] AndroidManifest.xml:8:5-83
	android:name
		ADDED from [:open_file] AndroidManifest.xml:8:22-80
provider#com.crazecoder.openfile.FileProvider
ADDED from [:open_file] AndroidManifest.xml:12:9-21:20
	android:grantUriPermissions
		ADDED from [:open_file] AndroidManifest.xml:16:13-47
	android:authorities
		ADDED from [:open_file] AndroidManifest.xml:14:13-88
	android:exported
		ADDED from [:open_file] AndroidManifest.xml:15:13-37
	tools:replace
		ADDED from [:open_file] AndroidManifest.xml:17:13-48
	android:name
		ADDED from [:open_file] AndroidManifest.xml:13:13-64
meta-data#android.support.FILE_PROVIDER_PATHS
ADDED from [:open_file] AndroidManifest.xml:18:13-20:53
	android:resource
		ADDED from [:open_file] AndroidManifest.xml:20:17-50
	android:name
		ADDED from [:open_file] AndroidManifest.xml:19:17-67
uses-permission#android.permission.ACCESS_NETWORK_STATE
ADDED from [:firebase_analytics] AndroidManifest.xml:7:5-79
MERGED from [com.google.android.gms:play-services-measurement-api:20.0.0] AndroidManifest.xml:23:5-79
MERGED from [com.google.android.gms:play-services-measurement-api:20.0.0] AndroidManifest.xml:23:5-79
MERGED from [com.google.firebase:firebase-installations:17.0.0] AndroidManifest.xml:10:5-79
MERGED from [com.google.firebase:firebase-installations:17.0.0] AndroidManifest.xml:10:5-79
MERGED from [com.google.android.gms:play-services-measurement:20.0.0] AndroidManifest.xml:24:5-79
MERGED from [com.google.android.gms:play-services-measurement:20.0.0] AndroidManifest.xml:24:5-79
MERGED from [com.google.android.gms:play-services-measurement-impl:20.0.0] AndroidManifest.xml:24:5-79
MERGED from [com.google.android.gms:play-services-measurement-impl:20.0.0] AndroidManifest.xml:24:5-79
MERGED from [com.google.android.gms:play-services-measurement-sdk-api:20.0.0] AndroidManifest.xml:24:5-79
MERGED from [com.google.android.gms:play-services-measurement-sdk-api:20.0.0] AndroidManifest.xml:24:5-79
MERGED from [com.google.android.datatransport:transport-backend-cct:3.1.0] AndroidManifest.xml:25:5-79
MERGED from [com.google.android.datatransport:transport-backend-cct:3.1.0] AndroidManifest.xml:25:5-79
MERGED from [com.google.android.datatransport:transport-runtime:3.1.0] AndroidManifest.xml:22:5-79
MERGED from [com.google.android.datatransport:transport-runtime:3.1.0] AndroidManifest.xml:22:5-79
	android:name
		ADDED from [:firebase_analytics] AndroidManifest.xml:7:22-76
uses-permission#android.permission.INTERNET
ADDED from [:firebase_analytics] AndroidManifest.xml:8:5-67
MERGED from [com.google.firebase:firebase-crashlytics:18.2.4] AndroidManifest.xml:10:5-67
MERGED from [com.google.firebase:firebase-crashlytics:18.2.4] AndroidManifest.xml:10:5-67
MERGED from [com.google.android.gms:play-services-measurement-api:20.0.0] AndroidManifest.xml:22:5-67
MERGED from [com.google.android.gms:play-services-measurement-api:20.0.0] AndroidManifest.xml:22:5-67
MERGED from [com.google.firebase:firebase-installations:17.0.0] AndroidManifest.xml:11:5-67
MERGED from [com.google.firebase:firebase-installations:17.0.0] AndroidManifest.xml:11:5-67
MERGED from [com.google.android.gms:play-services-measurement:20.0.0] AndroidManifest.xml:23:5-67
MERGED from [com.google.android.gms:play-services-measurement:20.0.0] AndroidManifest.xml:23:5-67
MERGED from [com.google.android.gms:play-services-measurement-impl:20.0.0] AndroidManifest.xml:23:5-67
MERGED from [com.google.android.gms:play-services-measurement-impl:20.0.0] AndroidManifest.xml:23:5-67
MERGED from [com.google.android.gms:play-services-measurement-sdk-api:20.0.0] AndroidManifest.xml:23:5-67
MERGED from [com.google.android.gms:play-services-measurement-sdk-api:20.0.0] AndroidManifest.xml:23:5-67
MERGED from [com.google.android.datatransport:transport-backend-cct:3.1.0] AndroidManifest.xml:26:5-67
MERGED from [com.google.android.datatransport:transport-backend-cct:3.1.0] AndroidManifest.xml:26:5-67
	android:name
		ADDED from [:firebase_analytics] AndroidManifest.xml:8:22-64
uses-permission#android.permission.WAKE_LOCK
ADDED from [:firebase_analytics] AndroidManifest.xml:9:5-68
MERGED from [com.google.android.gms:play-services-measurement-api:20.0.0] AndroidManifest.xml:24:5-68
MERGED from [com.google.android.gms:play-services-measurement-api:20.0.0] AndroidManifest.xml:24:5-68
MERGED from [com.google.android.gms:play-services-measurement:20.0.0] AndroidManifest.xml:25:5-68
MERGED from [com.google.android.gms:play-services-measurement:20.0.0] AndroidManifest.xml:25:5-68
MERGED from [com.google.android.gms:play-services-measurement-impl:20.0.0] AndroidManifest.xml:25:5-68
MERGED from [com.google.android.gms:play-services-measurement-impl:20.0.0] AndroidManifest.xml:25:5-68
MERGED from [com.google.android.gms:play-services-measurement-sdk-api:20.0.0] AndroidManifest.xml:25:5-68
MERGED from [com.google.android.gms:play-services-measurement-sdk-api:20.0.0] AndroidManifest.xml:25:5-68
	android:name
		ADDED from [:firebase_analytics] AndroidManifest.xml:9:22-65
meta-data#com.google.firebase.components:io.flutter.plugins.firebase.analytics.FlutterFirebaseAppRegistrar
ADDED from [:firebase_analytics] AndroidManifest.xml:13:13-15:85
	android:value
		ADDED from [:firebase_analytics] AndroidManifest.xml:15:17-82
	android:name
		ADDED from [:firebase_analytics] AndroidManifest.xml:14:17-128
meta-data#com.google.firebase.components:io.flutter.plugins.firebase.core.FlutterFirebaseCoreRegistrar
ADDED from [:firebase_core] AndroidManifest.xml:9:13-11:85
	android:value